# JRE version: Java(TM) SE Runtime Environment (8.0_91-b15) (build 1.8.0_91-b15)
# Java VM: Java HotSpot(TM) 64-Bit Server VM (25.91-b15 mixed mode windows-amd64 compressed oops)
Heap:
 PSYoungGen      total 235008K, used 9042K [0x00000000d5f00000, 0x00000000e5a80000, 0x0000000100000000)
  eden space 214016K, 4% used [0x00000000d5f00000,0x00000000d67d4a50,0x00000000e3000000)
  from space 20992K, 0% used [0x00000000e4500000,0x00000000e4500000,0x00000000e5980000)
  to   space 21504K, 0% used [0x00000000e3000000,0x00000000e3000000,0x00000000e4500000)
 ParOldGen       total 131072K, used 33243K [0x0000000081c00000, 0x0000000089c00000, 0x00000000d5f00000)
  object space 131072K, 25% used [0x0000000081c00000,0x0000000083c76ea0,0x0000000089c00000)
 Metaspace       used 40505K, capacity 41698K, committed 42112K, reserved 1085440K
  class space    used 4827K, capacity 5145K, committed 5248K, reserved 1048576K
GC Heap History (10 events):
Event: 36.715 GC heap before
{Heap before GC invocations=9 (full 1):
 PSYoungGen      total 143872K, used 104729K [0x00000000d5f00000, 0x00000000e2b00000, 0x0000000100000000)
  eden space 133120K, 70% used [0x00000000d5f00000,0x00000000dbacb4e8,0x00000000de100000)
  from space 10752K, 99% used [0x00000000de100000,0x00000000deb7b100,0x00000000deb80000)
  to   space 17408K, 0% used [0x00000000e1a00000,0x00000000e1a00000,0x00000000e2b00000)
 ParOldGen       total 75264K, used 26606K [0x0000000081c00000, 0x0000000086580000, 0x00000000d5f00000)
  object space 75264K, 35% used [0x0000000081c00000,0x00000000835fbb38,0x0000000086580000)
 Metaspace       used 34548K, capacity 35308K, committed 35456K, reserved 1081344K
  class space    used 4110K, capacity 4381K, committed 4480K, reserved 1048576K
Event: 36.750 GC heap after
Heap after GC invocations=9 (full 1):
 PSYoungGen      total 186880K, used 17399K [0x00000000d5f00000, 0x00000000e3780000, 0x0000000100000000)
  eden space 169472K, 0% used [0x00000000d5f00000,0x00000000d5f00000,0x00000000e0480000)
  from space 17408K, 99% used [0x00000000e1a00000,0x00000000e2afded8,0x00000000e2b00000)
  to   space 22016K, 0% used [0x00000000e0480000,0x00000000e0480000,0x00000000e1a00000)
 ParOldGen       total 75264K, used 31058K [0x0000000081c00000, 0x0000000086580000, 0x00000000d5f00000)
  object space 75264K, 41% used [0x0000000081c00000,0x0000000083a54958,0x0000000086580000)
 Metaspace       used 34548K, capacity 35308K, committed 35456K, reserved 1081344K
  class space    used 4110K, capacity 4381K, committed 4480K, reserved 1048576K
}
Event: 36.750 GC heap before
{Heap before GC invocations=10 (full 2):
 PSYoungGen      total 186880K, used 17399K [0x00000000d5f00000, 0x00000000e3780000, 0x0000000100000000)
  eden space 169472K, 0% used [0x00000000d5f00000,0x00000000d5f00000,0x00000000e0480000)
  from space 17408K, 99% used [0x00000000e1a00000,0x00000000e2afded8,0x00000000e2b00000)
  to   space 22016K, 0% used [0x00000000e0480000,0x00000000e0480000,0x00000000e1a00000)
 ParOldGen       total 75264K, used 31058K [0x0000000081c00000, 0x0000000086580000, 0x00000000d5f00000)
  object space 75264K, 41% used [0x0000000081c00000,0x0000000083a54958,0x0000000086580000)
 Metaspace       used 34548K, capacity 35308K, committed 35456K, reserved 1081344K
  class space    used 4110K, capacity 4381K, committed 4480K, reserved 1048576K
Event: 36.917 GC heap after
Heap after GC invocations=10 (full 2):
 PSYoungGen      total 186880K, used 0K [0x00000000d5f00000, 0x00000000e3780000, 0x0000000100000000)
  eden space 169472K, 0% used [0x00000000d5f00000,0x00000000d5f00000,0x00000000e0480000)
  from space 17408K, 0% used [0x00000000e1a00000,0x00000000e1a00000,0x00000000e2b00000)
  to   space 22016K, 0% used [0x00000000e0480000,0x00000000e0480000,0x00000000e1a00000)
 ParOldGen       total 131072K, used 37792K [0x0000000081c00000, 0x0000000089c00000, 0x00000000d5f00000)
  object space 131072K, 28% used [0x0000000081c00000,0x00000000840e81a0,0x0000000089c00000)
 Metaspace       used 34536K, capacity 35294K, committed 35456K, reserved 1081344K
  class space    used 4108K, capacity 4379K, committed 4480K, reserved 1048576K
}
Event: 38.453 GC heap before
{Heap before GC invocations=11 (full 2):
 PSYoungGen      total 186880K, used 169472K [0x00000000d5f00000, 0x00000000e3780000, 0x0000000100000000)
  eden space 169472K, 100% used [0x00000000d5f00000,0x00000000e0480000,0x00000000e0480000)
  from space 17408K, 0% used [0x00000000e1a00000,0x00000000e1a00000,0x00000000e2b00000)
  to   space 22016K, 0% used [0x00000000e0480000,0x00000000e0480000,0x00000000e1a00000)
 ParOldGen       total 131072K, used 37792K [0x0000000081c00000, 0x0000000089c00000, 0x00000000d5f00000)
  object space 131072K, 28% used [0x0000000081c00000,0x00000000840e81a0,0x0000000089c00000)
 Metaspace       used 39435K, capacity 40604K, committed 40704K, reserved 1085440K
  class space    used 4720K, capacity 5038K, committed 5120K, reserved 1048576K
Event: 38.471 GC heap after
Heap after GC invocations=11 (full 2):
 PSYoungGen      total 191488K, used 11441K [0x00000000d5f00000, 0x00000000e5980000, 0x0000000100000000)
  eden space 169472K, 0% used [0x00000000d5f00000,0x00000000d5f00000,0x00000000e0480000)
  from space 22016K, 51% used [0x00000000e0480000,0x00000000e0fac550,0x00000000e1a00000)
  to   space 20992K, 0% used [0x00000000e4500000,0x00000000e4500000,0x00000000e5980000)
 ParOldGen       total 131072K, used 37800K [0x0000000081c00000, 0x0000000089c00000, 0x00000000d5f00000)
  object space 131072K, 28% used [0x0000000081c00000,0x00000000840ea1a0,0x0000000089c00000)
 Metaspace       used 39435K, capacity 40604K, committed 40704K, reserved 1085440K
  class space    used 4720K, capacity 5038K, committed 5120K, reserved 1048576K
}
Event: 39.161 GC heap before
{Heap before GC invocations=12 (full 2):
 PSYoungGen      total 191488K, used 107313K [0x00000000d5f00000, 0x00000000e5980000, 0x0000000100000000)
  eden space 169472K, 56% used [0x00000000d5f00000,0x00000000dbc9ff18,0x00000000e0480000)
  from space 22016K, 51% used [0x00000000e0480000,0x00000000e0fac550,0x00000000e1a00000)
  to   space 20992K, 0% used [0x00000000e4500000,0x00000000e4500000,0x00000000e5980000)
 ParOldGen       total 131072K, used 37800K [0x0000000081c00000, 0x0000000089c00000, 0x00000000d5f00000)
  object space 131072K, 28% used [0x0000000081c00000,0x00000000840ea1a0,0x0000000089c00000)
 Metaspace       used 40554K, capacity 41844K, committed 42112K, reserved 1085440K
  class space    used 4842K, capacity 5176K, committed 5248K, reserved 1048576K
Event: 39.171 GC heap after
Heap after GC invocations=12 (full 2):
 PSYoungGen      total 235008K, used 3707K [0x00000000d5f00000, 0x00000000e5a80000, 0x0000000100000000)
  eden space 214016K, 0% used [0x00000000d5f00000,0x00000000d5f00000,0x00000000e3000000)
  from space 20992K, 17% used [0x00000000e4500000,0x00000000e489eea0,0x00000000e5980000)
  to   space 21504K, 0% used [0x00000000e3000000,0x00000000e3000000,0x00000000e4500000)
 ParOldGen       total 131072K, used 37808K [0x0000000081c00000, 0x0000000089c00000, 0x00000000d5f00000)
  object space 131072K, 28% used [0x0000000081c00000,0x00000000840ec1a0,0x0000000089c00000)
 Metaspace       used 40554K, capacity 41844K, committed 42112K, reserved 1085440K
  class space    used 4842K, capacity 5176K, committed 5248K, reserved 1048576K
}
Event: 39.171 GC heap before
{Heap before GC invocations=13 (full 3):
 PSYoungGen      total 235008K, used 3707K [0x00000000d5f00000, 0x00000000e5a80000, 0x0000000100000000)
  eden space 214016K, 0% used [0x00000000d5f00000,0x00000000d5f00000,0x00000000e3000000)
  from space 20992K, 17% used [0x00000000e4500000,0x00000000e489eea0,0x00000000e5980000)
  to   space 21504K, 0% used [0x00000000e3000000,0x00000000e3000000,0x00000000e4500000)
 ParOldGen       total 131072K, used 37808K [0x0000000081c00000, 0x0000000089c00000, 0x00000000d5f00000)
  object space 131072K, 28% used [0x0000000081c00000,0x00000000840ec1a0,0x0000000089c00000)
 Metaspace       used 40554K, capacity 41844K, committed 42112K, reserved 1085440K
  class space    used 4842K, capacity 5176K, committed 5248K, reserved 1048576K
Event: 39.370 GC heap after
Heap after GC invocations=13 (full 3):
 PSYoungGen      total 235008K, used 0K [0x00000000d5f00000, 0x00000000e5a80000, 0x0000000100000000)
  eden space 214016K, 0% used [0x00000000d5f00000,0x00000000d5f00000,0x00000000e3000000)
  from space 20992K, 0% used [0x00000000e4500000,0x00000000e4500000,0x00000000e5980000)
  to   space 21504K, 0% used [0x00000000e3000000,0x00000000e3000000,0x00000000e4500000)
 ParOldGen       total 131072K, used 33243K [0x0000000081c00000, 0x0000000089c00000, 0x00000000d5f00000)
  object space 131072K, 25% used [0x0000000081c00000,0x0000000083c76ea0,0x0000000089c00000)
 Metaspace       used 40494K, capacity 41698K, committed 42112K, reserved 1085440K
  class space    used 4825K, capacity 5145K, committed 5248K, reserved 1048576K
}

