<?xml version="1.0" encoding="UTF-8"?>
<testsuite xmlns:xsi="http://www.w3.org/2001/XMLSchema-instance" xsi:schemaLocation="https://maven.apache.org/surefire/maven-surefire-plugin/xsd/surefire-test-report.xsd" name="Com.SAIGlobal.LoginTest.DefinitionTestSuite" time="19.585" tests="5" errors="2" skipped="2" failures="0">
  <properties>
[...]
</properties>
  <testcase name="Given the user is on the &apos;SAI Global website&apos; home page" classname="Scenario: Login into SAI Global website" time="0.001"/>
  <testcase name="When the user enters his details to create login" classname="Scenario: Login into SAI Global website" time="0.007">
    <error message="Timed out after 2 seconds. Element not available&#10;Build info: version: &apos;3.4.0&apos;, revision: &apos;unknown&apos;, time: &apos;unknown&apos;&#10;System info: host: &apos;RAVINDRAPC&apos;, ip: &apos;192.168.99.1&apos;, os.name: &apos;Windows 10&apos;, os.arch: &apos;amd64&apos;, os.version: &apos;10.0&apos;, java.version: &apos;1.8.0_91&apos;&#10;Driver info: driver.version: unknown" type="net.serenitybdd.core.exceptions.SerenityManagedException">net.serenitybdd.core.exceptions.SerenityManagedException: 
Timed out after 2 seconds. Element not available
Build info: version: '3.4.0', revision: 'unknown', time: 'unknown'
System info: host: 'RAVINDRAPC', ip: '192.168.99.1', os.name: 'Windows 10', os.arch: 'amd64', os.version: '10.0', java.version: '1.8.0_91'
Driver info: driver.version: unknown
</error>
  </testcase>
  <testcase name="Scenario: Login into SAI Global website" classname="Scenario: Login into SAI Global website" time="0.007">
    <error message="Timed out after 2 seconds. Element not available&#10;Build info: version: &apos;3.4.0&apos;, revision: &apos;unknown&apos;, time: &apos;unknown&apos;&#10;System info: host: &apos;RAVINDRAPC&apos;, ip: &apos;192.168.99.1&apos;, os.name: &apos;Windows 10&apos;, os.arch: &apos;amd64&apos;, os.version: &apos;10.0&apos;, java.version: &apos;1.8.0_91&apos;&#10;Driver info: driver.version: unknown" type="net.serenitybdd.core.exceptions.SerenityManagedException">net.serenitybdd.core.exceptions.SerenityManagedException: 
Timed out after 2 seconds. Element not available
Build info: version: '3.4.0', revision: 'unknown', time: 'unknown'
System info: host: 'RAVINDRAPC', ip: '192.168.99.1', os.name: 'Windows 10', os.arch: 'amd64', os.version: '10.0', java.version: '1.8.0_91'
Driver info: driver.version: unknown
</error>
  </testcase>
  <testcase name="Then ensure the user account is created" classname="Scenario: Login into SAI Global website" time="0">
    <skipped/>
  </testcase>
  <testcase name="And user is able to login" classname="Scenario: Login into SAI Global website" time="0">
    <skipped/>
  </testcase>
</testsuite>